<?xml version="1.0" encoding="UTF-8"?>
<coverage generated="1667516967004" clover="3.2.0">
  <project timestamp="1667516967004" name="All files">
    <metrics statements="3" coveredstatements="3" conditionals="2" coveredconditionals="2" methods="2" coveredmethods="2" elements="7" coveredelements="7" complexity="0" loc="3" ncloc="3" packages="1" files="1" classes="1"/>
    <file name="util.js" path="/Users/javierenriquezmendoza/Documentos/Bedu/GuardiaNacional/PJS2/JSAvanzado-GN/sesion-07/ejemplo2/src/util.js">
      <metrics statements="3" coveredstatements="3" conditionals="2" coveredconditionals="2" methods="2" coveredmethods="2"/>
      <line num="1" count="1" type="stmt"/>
      <line num="2" count="2" type="cond" truecount="2" falsecount="0"/>
      <line num="3" count="6" type="stmt"/>
    </file>
  </project>
</coverage>
