{"/Users/javierenriquezmendoza/Documentos/Bedu/GuardiaNacional/PJS2/JSAvanzado-GN/sesion-07/ejemplo2/src/util.js": {"path":"/Users/javierenriquezmendoza/Documentos/Bedu/GuardiaNacional/PJS2/JSAvanzado-GN/sesion-07/ejemplo2/src/util.js","statementMap":{"0":{"start":{"line":1,"column":23},"end":{"line":4,"column":1}},"1":{"start":{"line":2,"column":4},"end":{"line":2,"column":58}},"2":{"start":{"line":2,"column":22},"end":{"line":2,"column":58}},"3":{"start":{"line":3,"column":4},"end":{"line":3,"column":47}},"4":{"start":{"line":3,"column":37},"end":{"line":3,"column":46}}},"fnMap":{"0":{"name":"(anonymous_0)","decl":{"start":{"line":1,"column":23},"end":{"line":1,"column":24}},"loc":{"start":{"line":1,"column":34},"end":{"line":4,"column":1}},"line":1},"1":{"name":"(anonymous_1)","decl":{"start":{"line":3,"column":24},"end":{"line":3,"column":25}},"loc":{"start":{"line":3,"column":37},"end":{"line":3,"column":46}},"line":3}},"branchMap":{"0":{"loc":{"start":{"line":2,"column":4},"end":{"line":2,"column":58}},"type":"if","locations":[{"start":{"line":2,"column":4},"end":{"line":2,"column":58}},{"start":{},"end":{}}],"line":2}},"s":{"0":1,"1":2,"2":1,"3":1,"4":6},"f":{"0":2,"1":6},"b":{"0":[1,1]},"_coverageSchema":"1a1c01bbd47fc00a2c39e90264f33305004495a9","hash":"94c2bf3cf995d265c85427cbfcecdb3099810726"}
}
